<?xml version="1.0" encoding="UTF-8"?>
<!-- Generated by org.testng.reporters.JUnitReportReporter -->
<testsuite skipped="0" hostname="shami" name="testcases.TC003_CreateLead" tests="1" failures="0" timestamp="03 Jun 2018 07:13:45 GMT" time="42.329" errors="0">
  <testcase name="loginAndLogout" time="42.329" classname="testcases.TC003_CreateLead"/>
</testsuite> <!-- testcases.TC003_CreateLead -->
