<?xml version="1.0" encoding="UTF-8"?>
<!-- Generated by org.testng.reporters.JUnitReportReporter -->
<testsuite skipped="0" hostname="shami" name="testcases.TC004_EditLead" tests="1" failures="0" timestamp="05 Jun 2018 14:26:21 GMT" time="25.669" errors="0">
  <testcase name="loginAndLogout" time="25.669" classname="testcases.TC004_EditLead"/>
</testsuite> <!-- testcases.TC004_EditLead -->
